[2025-05-26 12:55:51Z INFO HostContext] No proxy settings were found based on environmental variables (http_proxy/https_proxy/HTTP_PROXY/HTTPS_PROXY)
[2025-05-26 12:55:51Z INFO HostContext] Well known directory 'Bin': 'C:\Users\Marco\Desktop\testes\actions-runner\bin'
[2025-05-26 12:55:51Z INFO HostContext] Well known directory 'Root': 'C:\Users\Marco\Desktop\testes\actions-runner'
[2025-05-26 12:55:51Z INFO HostContext] Well known config file 'Credentials': 'C:\Users\Marco\Desktop\testes\actions-runner\.credentials'
[2025-05-26 12:55:51Z INFO HostContext] Well known directory 'Bin': 'C:\Users\Marco\Desktop\testes\actions-runner\bin'
[2025-05-26 12:55:51Z INFO HostContext] Well known directory 'Root': 'C:\Users\Marco\Desktop\testes\actions-runner'
[2025-05-26 12:55:51Z INFO HostContext] Well known config file 'Runner': 'C:\Users\Marco\Desktop\testes\actions-runner\.runner'
[2025-05-26 12:55:51Z INFO Listener] Runner is built for Windows (X64) - win-x64.
[2025-05-26 12:55:51Z INFO Listener] RuntimeInformation: Microsoft Windows 10.0.19045.
[2025-05-26 12:55:51Z INFO Listener] Version: 2.324.0
[2025-05-26 12:55:51Z INFO Listener] Commit: da3412efd49b1cf1a0fbdcbcee4e4ac4cc2177c8
[2025-05-26 12:55:51Z INFO Listener] Culture: pt-BR
[2025-05-26 12:55:51Z INFO Listener] UI Culture: pt-BR
[2025-05-26 12:55:51Z INFO HostContext] Well known directory 'Bin': 'C:\Users\Marco\Desktop\testes\actions-runner\bin'
[2025-05-26 12:55:51Z INFO HostContext] Well known directory 'Root': 'C:\Users\Marco\Desktop\testes\actions-runner'
[2025-05-26 12:55:51Z INFO Listener] Validating directory permissions for: 'C:\Users\Marco\Desktop\testes\actions-runner'
[2025-05-26 12:55:51Z INFO CommandLineParser] Parse
[2025-05-26 12:55:51Z INFO CommandLineParser] Parsing 1 args
[2025-05-26 12:55:51Z INFO CommandLineParser] parsing argument
[2025-05-26 12:55:51Z INFO CommandLineParser] HasArgs: False
[2025-05-26 12:55:51Z INFO CommandLineParser] Adding Command: configure
[2025-05-26 12:55:51Z INFO Listener] Arguments parsed
[2025-05-26 12:55:52Z INFO Runner] ExecuteCommand
[2025-05-26 12:55:52Z INFO ConfigurationStore] currentAssemblyLocation: C:\Users\Marco\Desktop\testes\actions-runner\bin\Runner.Listener.dll
[2025-05-26 12:55:52Z INFO HostContext] Well known directory 'Bin': 'C:\Users\Marco\Desktop\testes\actions-runner\bin'
[2025-05-26 12:55:52Z INFO ConfigurationStore] binPath: C:\Users\Marco\Desktop\testes\actions-runner\bin
[2025-05-26 12:55:52Z INFO HostContext] Well known directory 'Bin': 'C:\Users\Marco\Desktop\testes\actions-runner\bin'
[2025-05-26 12:55:52Z INFO HostContext] Well known directory 'Root': 'C:\Users\Marco\Desktop\testes\actions-runner'
[2025-05-26 12:55:52Z INFO ConfigurationStore] RootFolder: C:\Users\Marco\Desktop\testes\actions-runner
[2025-05-26 12:55:52Z INFO HostContext] Well known directory 'Bin': 'C:\Users\Marco\Desktop\testes\actions-runner\bin'
[2025-05-26 12:55:52Z INFO HostContext] Well known directory 'Root': 'C:\Users\Marco\Desktop\testes\actions-runner'
[2025-05-26 12:55:52Z INFO HostContext] Well known config file 'Runner': 'C:\Users\Marco\Desktop\testes\actions-runner\.runner'
[2025-05-26 12:55:52Z INFO ConfigurationStore] ConfigFilePath: C:\Users\Marco\Desktop\testes\actions-runner\.runner
[2025-05-26 12:55:52Z INFO HostContext] Well known directory 'Bin': 'C:\Users\Marco\Desktop\testes\actions-runner\bin'
[2025-05-26 12:55:52Z INFO HostContext] Well known directory 'Root': 'C:\Users\Marco\Desktop\testes\actions-runner'
[2025-05-26 12:55:52Z INFO HostContext] Well known config file 'MigratedRunner': 'C:\Users\Marco\Desktop\testes\actions-runner\.runner_migrated'
[2025-05-26 12:55:52Z INFO ConfigurationStore] MigratedConfigFilePath: C:\Users\Marco\Desktop\testes\actions-runner\.runner_migrated
[2025-05-26 12:55:52Z INFO HostContext] Well known directory 'Bin': 'C:\Users\Marco\Desktop\testes\actions-runner\bin'
[2025-05-26 12:55:52Z INFO HostContext] Well known directory 'Root': 'C:\Users\Marco\Desktop\testes\actions-runner'
[2025-05-26 12:55:52Z INFO HostContext] Well known config file 'Credentials': 'C:\Users\Marco\Desktop\testes\actions-runner\.credentials'
[2025-05-26 12:55:52Z INFO ConfigurationStore] CredFilePath: C:\Users\Marco\Desktop\testes\actions-runner\.credentials
[2025-05-26 12:55:52Z INFO HostContext] Well known directory 'Bin': 'C:\Users\Marco\Desktop\testes\actions-runner\bin'
[2025-05-26 12:55:52Z INFO HostContext] Well known directory 'Root': 'C:\Users\Marco\Desktop\testes\actions-runner'
[2025-05-26 12:55:52Z INFO HostContext] Well known config file 'MigratedCredentials': 'C:\Users\Marco\Desktop\testes\actions-runner\.credentials_migrated'
[2025-05-26 12:55:52Z INFO ConfigurationStore] MigratedCredFilePath: C:\Users\Marco\Desktop\testes\actions-runner\.credentials_migrated
[2025-05-26 12:55:52Z INFO HostContext] Well known directory 'Bin': 'C:\Users\Marco\Desktop\testes\actions-runner\bin'
[2025-05-26 12:55:52Z INFO HostContext] Well known directory 'Root': 'C:\Users\Marco\Desktop\testes\actions-runner'
[2025-05-26 12:55:52Z INFO HostContext] Well known config file 'Service': 'C:\Users\Marco\Desktop\testes\actions-runner\.service'
[2025-05-26 12:55:52Z INFO ConfigurationStore] ServiceConfigFilePath: C:\Users\Marco\Desktop\testes\actions-runner\.service
[2025-05-26 12:55:52Z INFO CommandSettings] Flag 'help': 'False'
[2025-05-26 12:55:52Z INFO CommandSettings] Flag 'version': 'False'
[2025-05-26 12:55:52Z INFO CommandSettings] Flag 'commit': 'False'
[2025-05-26 12:55:52Z INFO CommandSettings] Flag 'check': 'False'
[2025-05-26 12:55:52Z INFO CommandSettings] Command 'configure': 'True'
[2025-05-26 12:55:52Z INFO Terminal] WRITE LINE: 
[2025-05-26 12:55:52Z INFO Terminal] WRITE LINE: --------------------------------------------------------------------------------
[2025-05-26 12:55:52Z INFO Terminal] WRITE LINE: |        ____ _ _   _   _       _          _        _   _                      |
[2025-05-26 12:55:52Z INFO Terminal] WRITE LINE: |       / ___(_) |_| | | |_   _| |__      / \   ___| |_(_) ___  _ __  ___      |
[2025-05-26 12:55:52Z INFO Terminal] WRITE LINE: |      | |  _| | __| |_| | | | | '_ \    / _ \ / __| __| |/ _ \| '_ \/ __|     |
[2025-05-26 12:55:52Z INFO Terminal] WRITE LINE: |      | |_| | | |_|  _  | |_| | |_) |  / ___ \ (__| |_| | (_) | | | \__ \     |
[2025-05-26 12:55:52Z INFO Terminal] WRITE LINE: |       \____|_|\__|_| |_|\__,_|_.__/  /_/   \_\___|\__|_|\___/|_| |_|___/     |
[2025-05-26 12:55:52Z INFO Terminal] WRITE LINE: |                                                                              |
[2025-05-26 12:55:52Z INFO Terminal] WRITE: |                       
[2025-05-26 12:55:52Z INFO Terminal] WRITE: Self-hosted runner registration
[2025-05-26 12:55:52Z INFO Terminal] WRITE LINE:                         |
[2025-05-26 12:55:52Z INFO Terminal] WRITE LINE: |                                                                              |
[2025-05-26 12:55:52Z INFO Terminal] WRITE LINE: --------------------------------------------------------------------------------
[2025-05-26 12:55:52Z INFO ConfigurationManager] ConfigureAsync
[2025-05-26 12:55:52Z INFO CommandSettings] Flag 'generateServiceConfig': 'False'
[2025-05-26 12:55:52Z INFO ConfigurationStore] IsConfigured()
[2025-05-26 12:55:52Z INFO ConfigurationStore] IsConfigured: False
[2025-05-26 12:55:52Z INFO ConfigurationManager] Is configured: False
[2025-05-26 12:55:52Z INFO CommandSettings] Arg 'url': ''
[2025-05-26 12:55:52Z INFO CommandSettings] Flag 'unattended': 'False'
[2025-05-26 12:55:52Z INFO PromptManager] ReadValue
[2025-05-26 12:55:52Z INFO Terminal] WRITE: What is the URL of your repository? 
[2025-05-26 12:55:52Z INFO Terminal] READ LINE
[2025-05-26 12:56:26Z INFO Terminal] Read value: 'https://github.com/marcoduartestorm/testesCI_CD'
[2025-05-26 12:56:26Z INFO CommandSettings] Arg 'token': ''
[2025-05-26 12:56:26Z INFO CommandSettings] Flag 'unattended': 'False'
[2025-05-26 12:56:26Z INFO PromptManager] ReadValue
[2025-05-26 12:56:26Z INFO Terminal] WRITE: What is your runner register token? 
[2025-05-26 12:56:26Z INFO Terminal] READ SECRET
[2025-05-26 12:56:35Z INFO Terminal] Read value: '***'
[2025-05-26 12:56:38Z INFO ConfigurationManager] Http response code: OK from 'POST https://api.github.com/actions/runner-registration' (40F8:2FE573:2826BD:34854F:68346506)
[2025-05-26 12:56:38Z INFO ConfigurationManager] Using V2 flow: False
[2025-05-26 12:56:38Z INFO ConfigurationManager] cred retrieved via GitHub auth
[2025-05-26 12:56:38Z INFO RunnerServer] EstablishVssConnection
[2025-05-26 12:56:38Z INFO RunnerServer] Establish connection with 100 seconds timeout.
[2025-05-26 12:56:38Z INFO GitHubActionsService] Starting operation Location.GetConnectionData
[2025-05-26 12:56:38Z INFO RunnerServer] EstablishVssConnection
[2025-05-26 12:56:38Z INFO RunnerServer] Establish connection with 60 seconds timeout.
[2025-05-26 12:56:38Z INFO GitHubActionsService] Starting operation Location.GetConnectionData
[2025-05-26 12:56:38Z INFO RunnerServer] EstablishVssConnection
[2025-05-26 12:56:38Z INFO RunnerServer] Establish connection with 60 seconds timeout.
[2025-05-26 12:56:38Z INFO GitHubActionsService] Starting operation Location.GetConnectionData
[2025-05-26 12:56:39Z INFO GitHubActionsService] Finished operation Location.GetConnectionData
[2025-05-26 12:56:39Z INFO GitHubActionsService] Finished operation Location.GetConnectionData
[2025-05-26 12:56:39Z INFO GitHubActionsService] Finished operation Location.GetConnectionData
[2025-05-26 12:56:39Z INFO Terminal] WRITE LINE: 
[2025-05-26 12:56:39Z INFO ConfigurationManager] Test Connection complete.
[2025-05-26 12:56:39Z INFO HostContext] Well known directory 'Bin': 'C:\Users\Marco\Desktop\testes\actions-runner\bin'
[2025-05-26 12:56:39Z INFO HostContext] Well known directory 'Root': 'C:\Users\Marco\Desktop\testes\actions-runner'
[2025-05-26 12:56:39Z INFO HostContext] Well known config file 'RSACredentials': 'C:\Users\Marco\Desktop\testes\actions-runner\.credentials_rsaparams'
[2025-05-26 12:56:39Z INFO RSAEncryptedFileKeyManager] Creating new RSA key using 2048-bit key length
[2025-05-26 12:56:39Z INFO RSAEncryptedFileKeyManager] Successfully saved RSA key parameters to file C:\Users\Marco\Desktop\testes\actions-runner\.credentials_rsaparams
[2025-05-26 12:56:39Z INFO CommandSettings] Arg 'runnergroup': ''
[2025-05-26 12:56:39Z INFO CommandSettings] Flag 'unattended': 'False'
[2025-05-26 12:56:39Z INFO PromptManager] ReadValue
[2025-05-26 12:56:39Z INFO Terminal] WRITE: Enter the name of the runner group to add this runner to: 
[2025-05-26 12:56:39Z INFO Terminal] WRITE: [press Enter for Default] 
[2025-05-26 12:56:39Z INFO Terminal] READ LINE
[2025-05-26 12:57:37Z INFO Terminal] Read value: 'Marcos Philippe'
[2025-05-26 12:57:37Z INFO Terminal] WRITE LINE: 
[2025-05-26 12:57:37Z ERR  Runner] GitHub.DistributedTask.WebApi.TaskAgentPoolNotFoundException: Could not find any self-hosted runner group named "Marcos Philippe".
   at GitHub.Runner.Listener.Configuration.ConfigurationManager.ConfigureAsync(CommandSettings command)
   at GitHub.Runner.Listener.Runner.ExecuteCommand(CommandSettings command)
[2025-05-26 12:57:37Z ERR  Terminal] WRITE ERROR: Could not find any self-hosted runner group named "Marcos Philippe".
[2025-05-26 12:57:37Z INFO Listener] Runner execution has finished with return code 1
