[2025-05-26 13:02:26Z INFO HostContext] No proxy settings were found based on environmental variables (http_proxy/https_proxy/HTTP_PROXY/HTTPS_PROXY)
[2025-05-26 13:02:26Z INFO HostContext] Well known directory 'Bin': 'C:\Users\Marco\Desktop\testes\actions-runner\bin'
[2025-05-26 13:02:26Z INFO HostContext] Well known directory 'Root': 'C:\Users\Marco\Desktop\testes\actions-runner'
[2025-05-26 13:02:26Z INFO HostContext] Well known config file 'Credentials': 'C:\Users\Marco\Desktop\testes\actions-runner\.credentials'
[2025-05-26 13:02:26Z INFO HostContext] Well known directory 'Bin': 'C:\Users\Marco\Desktop\testes\actions-runner\bin'
[2025-05-26 13:02:26Z INFO HostContext] Well known directory 'Root': 'C:\Users\Marco\Desktop\testes\actions-runner'
[2025-05-26 13:02:26Z INFO HostContext] Well known config file 'Runner': 'C:\Users\Marco\Desktop\testes\actions-runner\.runner'
[2025-05-26 13:02:26Z INFO Listener] Runner is built for Windows (X64) - win-x64.
[2025-05-26 13:02:26Z INFO Listener] RuntimeInformation: Microsoft Windows 10.0.19045.
[2025-05-26 13:02:26Z INFO Listener] Version: 2.324.0
[2025-05-26 13:02:26Z INFO Listener] Commit: da3412efd49b1cf1a0fbdcbcee4e4ac4cc2177c8
[2025-05-26 13:02:26Z INFO Listener] Culture: pt-BR
[2025-05-26 13:02:26Z INFO Listener] UI Culture: pt-BR
[2025-05-26 13:02:26Z INFO HostContext] Well known directory 'Bin': 'C:\Users\Marco\Desktop\testes\actions-runner\bin'
[2025-05-26 13:02:26Z INFO HostContext] Well known directory 'Root': 'C:\Users\Marco\Desktop\testes\actions-runner'
[2025-05-26 13:02:26Z INFO Listener] Validating directory permissions for: 'C:\Users\Marco\Desktop\testes\actions-runner'
[2025-05-26 13:02:26Z INFO CommandLineParser] Parse
[2025-05-26 13:02:26Z INFO CommandLineParser] Parsing 1 args
[2025-05-26 13:02:26Z INFO CommandLineParser] parsing argument
[2025-05-26 13:02:26Z INFO CommandLineParser] HasArgs: False
[2025-05-26 13:02:26Z INFO CommandLineParser] Adding Command: configure
[2025-05-26 13:02:26Z INFO Listener] Arguments parsed
[2025-05-26 13:02:26Z INFO Runner] ExecuteCommand
[2025-05-26 13:02:26Z INFO ConfigurationStore] currentAssemblyLocation: C:\Users\Marco\Desktop\testes\actions-runner\bin\Runner.Listener.dll
[2025-05-26 13:02:26Z INFO HostContext] Well known directory 'Bin': 'C:\Users\Marco\Desktop\testes\actions-runner\bin'
[2025-05-26 13:02:26Z INFO ConfigurationStore] binPath: C:\Users\Marco\Desktop\testes\actions-runner\bin
[2025-05-26 13:02:26Z INFO HostContext] Well known directory 'Bin': 'C:\Users\Marco\Desktop\testes\actions-runner\bin'
[2025-05-26 13:02:26Z INFO HostContext] Well known directory 'Root': 'C:\Users\Marco\Desktop\testes\actions-runner'
[2025-05-26 13:02:26Z INFO ConfigurationStore] RootFolder: C:\Users\Marco\Desktop\testes\actions-runner
[2025-05-26 13:02:26Z INFO HostContext] Well known directory 'Bin': 'C:\Users\Marco\Desktop\testes\actions-runner\bin'
[2025-05-26 13:02:26Z INFO HostContext] Well known directory 'Root': 'C:\Users\Marco\Desktop\testes\actions-runner'
[2025-05-26 13:02:26Z INFO HostContext] Well known config file 'Runner': 'C:\Users\Marco\Desktop\testes\actions-runner\.runner'
[2025-05-26 13:02:26Z INFO ConfigurationStore] ConfigFilePath: C:\Users\Marco\Desktop\testes\actions-runner\.runner
[2025-05-26 13:02:26Z INFO HostContext] Well known directory 'Bin': 'C:\Users\Marco\Desktop\testes\actions-runner\bin'
[2025-05-26 13:02:26Z INFO HostContext] Well known directory 'Root': 'C:\Users\Marco\Desktop\testes\actions-runner'
[2025-05-26 13:02:26Z INFO HostContext] Well known config file 'MigratedRunner': 'C:\Users\Marco\Desktop\testes\actions-runner\.runner_migrated'
[2025-05-26 13:02:26Z INFO ConfigurationStore] MigratedConfigFilePath: C:\Users\Marco\Desktop\testes\actions-runner\.runner_migrated
[2025-05-26 13:02:26Z INFO HostContext] Well known directory 'Bin': 'C:\Users\Marco\Desktop\testes\actions-runner\bin'
[2025-05-26 13:02:26Z INFO HostContext] Well known directory 'Root': 'C:\Users\Marco\Desktop\testes\actions-runner'
[2025-05-26 13:02:26Z INFO HostContext] Well known config file 'Credentials': 'C:\Users\Marco\Desktop\testes\actions-runner\.credentials'
[2025-05-26 13:02:26Z INFO ConfigurationStore] CredFilePath: C:\Users\Marco\Desktop\testes\actions-runner\.credentials
[2025-05-26 13:02:26Z INFO HostContext] Well known directory 'Bin': 'C:\Users\Marco\Desktop\testes\actions-runner\bin'
[2025-05-26 13:02:26Z INFO HostContext] Well known directory 'Root': 'C:\Users\Marco\Desktop\testes\actions-runner'
[2025-05-26 13:02:26Z INFO HostContext] Well known config file 'MigratedCredentials': 'C:\Users\Marco\Desktop\testes\actions-runner\.credentials_migrated'
[2025-05-26 13:02:26Z INFO ConfigurationStore] MigratedCredFilePath: C:\Users\Marco\Desktop\testes\actions-runner\.credentials_migrated
[2025-05-26 13:02:26Z INFO HostContext] Well known directory 'Bin': 'C:\Users\Marco\Desktop\testes\actions-runner\bin'
[2025-05-26 13:02:26Z INFO HostContext] Well known directory 'Root': 'C:\Users\Marco\Desktop\testes\actions-runner'
[2025-05-26 13:02:26Z INFO HostContext] Well known config file 'Service': 'C:\Users\Marco\Desktop\testes\actions-runner\.service'
[2025-05-26 13:02:26Z INFO ConfigurationStore] ServiceConfigFilePath: C:\Users\Marco\Desktop\testes\actions-runner\.service
[2025-05-26 13:02:26Z INFO CommandSettings] Flag 'help': 'False'
[2025-05-26 13:02:26Z INFO CommandSettings] Flag 'version': 'False'
[2025-05-26 13:02:26Z INFO CommandSettings] Flag 'commit': 'False'
[2025-05-26 13:02:26Z INFO CommandSettings] Flag 'check': 'False'
[2025-05-26 13:02:26Z INFO CommandSettings] Command 'configure': 'True'
[2025-05-26 13:02:26Z INFO Terminal] WRITE LINE: 
[2025-05-26 13:02:26Z INFO Terminal] WRITE LINE: --------------------------------------------------------------------------------
[2025-05-26 13:02:26Z INFO Terminal] WRITE LINE: |        ____ _ _   _   _       _          _        _   _                      |
[2025-05-26 13:02:26Z INFO Terminal] WRITE LINE: |       / ___(_) |_| | | |_   _| |__      / \   ___| |_(_) ___  _ __  ___      |
[2025-05-26 13:02:26Z INFO Terminal] WRITE LINE: |      | |  _| | __| |_| | | | | '_ \    / _ \ / __| __| |/ _ \| '_ \/ __|     |
[2025-05-26 13:02:26Z INFO Terminal] WRITE LINE: |      | |_| | | |_|  _  | |_| | |_) |  / ___ \ (__| |_| | (_) | | | \__ \     |
[2025-05-26 13:02:26Z INFO Terminal] WRITE LINE: |       \____|_|\__|_| |_|\__,_|_.__/  /_/   \_\___|\__|_|\___/|_| |_|___/     |
[2025-05-26 13:02:26Z INFO Terminal] WRITE LINE: |                                                                              |
[2025-05-26 13:02:26Z INFO Terminal] WRITE: |                       
[2025-05-26 13:02:26Z INFO Terminal] WRITE: Self-hosted runner registration
[2025-05-26 13:02:26Z INFO Terminal] WRITE LINE:                         |
[2025-05-26 13:02:26Z INFO Terminal] WRITE LINE: |                                                                              |
[2025-05-26 13:02:26Z INFO Terminal] WRITE LINE: --------------------------------------------------------------------------------
[2025-05-26 13:02:26Z INFO ConfigurationManager] ConfigureAsync
[2025-05-26 13:02:26Z INFO CommandSettings] Flag 'generateServiceConfig': 'False'
[2025-05-26 13:02:26Z INFO ConfigurationStore] IsConfigured()
[2025-05-26 13:02:26Z INFO ConfigurationStore] IsConfigured: False
[2025-05-26 13:02:26Z INFO ConfigurationManager] Is configured: False
[2025-05-26 13:02:26Z INFO CommandSettings] Arg 'url': ''
[2025-05-26 13:02:26Z INFO CommandSettings] Flag 'unattended': 'False'
[2025-05-26 13:02:26Z INFO PromptManager] ReadValue
[2025-05-26 13:02:26Z INFO Terminal] WRITE: What is the URL of your repository? 
[2025-05-26 13:02:26Z INFO Terminal] READ LINE
[2025-05-26 13:02:36Z INFO Terminal] Read value: 'https://github.com/marcoduartestorm/testesCI_CD'
[2025-05-26 13:02:36Z INFO CommandSettings] Arg 'token': ''
[2025-05-26 13:02:36Z INFO CommandSettings] Flag 'unattended': 'False'
[2025-05-26 13:02:36Z INFO PromptManager] ReadValue
[2025-05-26 13:02:36Z INFO Terminal] WRITE: What is your runner register token? 
[2025-05-26 13:02:36Z INFO Terminal] READ SECRET
[2025-05-26 13:02:51Z INFO Terminal] Read value: '***'
[2025-05-26 13:02:52Z INFO ConfigurationManager] Http response code: OK from 'POST https://api.github.com/actions/runner-registration' (41AC:FE0A1:293CBB:35BF06:6834667C)
[2025-05-26 13:02:52Z INFO ConfigurationManager] Using V2 flow: False
[2025-05-26 13:02:52Z INFO ConfigurationManager] cred retrieved via GitHub auth
[2025-05-26 13:02:52Z INFO RunnerServer] EstablishVssConnection
[2025-05-26 13:02:52Z INFO RunnerServer] Establish connection with 100 seconds timeout.
[2025-05-26 13:02:52Z INFO GitHubActionsService] Starting operation Location.GetConnectionData
[2025-05-26 13:02:52Z INFO RunnerServer] EstablishVssConnection
[2025-05-26 13:02:52Z INFO RunnerServer] Establish connection with 60 seconds timeout.
[2025-05-26 13:02:52Z INFO GitHubActionsService] Starting operation Location.GetConnectionData
[2025-05-26 13:02:52Z INFO RunnerServer] EstablishVssConnection
[2025-05-26 13:02:52Z INFO RunnerServer] Establish connection with 60 seconds timeout.
[2025-05-26 13:02:52Z INFO GitHubActionsService] Starting operation Location.GetConnectionData
[2025-05-26 13:02:53Z INFO GitHubActionsService] Finished operation Location.GetConnectionData
[2025-05-26 13:02:53Z INFO GitHubActionsService] Finished operation Location.GetConnectionData
[2025-05-26 13:02:53Z INFO GitHubActionsService] Finished operation Location.GetConnectionData
[2025-05-26 13:02:53Z INFO Terminal] WRITE LINE: 
[2025-05-26 13:02:53Z INFO ConfigurationManager] Test Connection complete.
[2025-05-26 13:02:53Z INFO HostContext] Well known directory 'Bin': 'C:\Users\Marco\Desktop\testes\actions-runner\bin'
[2025-05-26 13:02:53Z INFO HostContext] Well known directory 'Root': 'C:\Users\Marco\Desktop\testes\actions-runner'
[2025-05-26 13:02:53Z INFO HostContext] Well known config file 'RSACredentials': 'C:\Users\Marco\Desktop\testes\actions-runner\.credentials_rsaparams'
[2025-05-26 13:02:53Z INFO RSAEncryptedFileKeyManager] Found existing RSA key parameters file C:\Users\Marco\Desktop\testes\actions-runner\.credentials_rsaparams
[2025-05-26 13:02:53Z INFO CommandSettings] Arg 'runnergroup': ''
[2025-05-26 13:02:53Z INFO CommandSettings] Flag 'unattended': 'False'
[2025-05-26 13:02:53Z INFO PromptManager] ReadValue
[2025-05-26 13:02:53Z INFO Terminal] WRITE: Enter the name of the runner group to add this runner to: 
[2025-05-26 13:02:53Z INFO Terminal] WRITE: [press Enter for Default] 
[2025-05-26 13:02:53Z INFO Terminal] READ LINE
[2025-05-26 13:02:54Z INFO Terminal] Read value: ''
[2025-05-26 13:02:54Z INFO PromptManager] Falling back to the default: 'Default'
[2025-05-26 13:02:54Z INFO Terminal] WRITE LINE: 
[2025-05-26 13:02:54Z INFO ConfigurationManager] Found a self-hosted runner group with id 1 and name Default
[2025-05-26 13:02:54Z INFO CommandSettings] Flag 'disableupdate': 'False'
[2025-05-26 13:02:54Z INFO CommandSettings] Flag 'ephemeral': 'False'
[2025-05-26 13:02:54Z INFO CommandSettings] Arg 'name': ''
[2025-05-26 13:02:54Z INFO CommandSettings] Flag 'unattended': 'False'
[2025-05-26 13:02:54Z INFO PromptManager] ReadValue
[2025-05-26 13:02:54Z INFO Terminal] WRITE: Enter the name of runner: 
[2025-05-26 13:02:54Z INFO Terminal] WRITE: [press Enter for ANALISTADESISTE] 
[2025-05-26 13:02:54Z INFO Terminal] READ LINE
[2025-05-26 13:03:12Z INFO Terminal] Read value: ''
[2025-05-26 13:03:12Z INFO PromptManager] Falling back to the default: 'ANALISTADESISTE'
[2025-05-26 13:03:12Z INFO Terminal] WRITE LINE: 
[2025-05-26 13:03:12Z INFO CommandSettings] Arg 'labels': ''
[2025-05-26 13:03:12Z INFO CommandSettings] Flag 'unattended': 'False'
[2025-05-26 13:03:12Z INFO PromptManager] ReadValue
[2025-05-26 13:03:12Z INFO Terminal] WRITE: This runner will have the following labels: 'self-hosted', 'Windows', 'X64' 
Enter any additional labels (ex. label-1,label-2): 
[2025-05-26 13:03:12Z INFO Terminal] WRITE: [press Enter to skip] 
[2025-05-26 13:03:12Z INFO Terminal] READ LINE
[2025-05-26 13:03:49Z INFO Terminal] Read value: ''
[2025-05-26 13:03:49Z INFO Terminal] WRITE LINE: 
[2025-05-26 13:03:49Z INFO CommandSettings] Flag 'disableupdate': 'False'
[2025-05-26 13:03:49Z INFO CommandSettings] Flag 'no-default-labels': 'False'
[2025-05-26 13:03:49Z INFO CommandSettings] Flag 'disableupdate': 'False'
[2025-05-26 13:03:49Z INFO CommandSettings] Flag 'ephemeral': 'False'
[2025-05-26 13:03:49Z INFO ConfigurationStore] Saving OAuth credential @ C:\Users\Marco\Desktop\testes\actions-runner\.credentials
[2025-05-26 13:03:49Z INFO ConfigurationStore] Credentials Saved.
[2025-05-26 13:03:49Z INFO ConfigurationStore] HasCredentials()
[2025-05-26 13:03:49Z INFO ConfigurationStore] stored True
[2025-05-26 13:03:49Z INFO CredentialManager] GetCredentialProvider
[2025-05-26 13:03:49Z INFO CredentialManager] Creating type OAuth
[2025-05-26 13:03:49Z INFO CredentialManager] Creating credential type: OAuth
[2025-05-26 13:03:49Z INFO RSAEncryptedFileKeyManager] Loading RSA key parameters from file C:\Users\Marco\Desktop\testes\actions-runner\.credentials_rsaparams
[2025-05-26 13:03:49Z INFO RunnerServer] EstablishVssConnection
[2025-05-26 13:03:49Z INFO RunnerServer] Establish connection with 100 seconds timeout.
[2025-05-26 13:03:49Z INFO GitHubActionsService] Starting operation Location.GetConnectionData
[2025-05-26 13:03:49Z INFO RunnerServer] EstablishVssConnection
[2025-05-26 13:03:49Z INFO RunnerServer] Establish connection with 60 seconds timeout.
[2025-05-26 13:03:49Z INFO GitHubActionsService] Starting operation Location.GetConnectionData
[2025-05-26 13:03:49Z INFO RunnerServer] EstablishVssConnection
[2025-05-26 13:03:49Z INFO RunnerServer] Establish connection with 60 seconds timeout.
[2025-05-26 13:03:49Z INFO GitHubActionsService] Starting operation Location.GetConnectionData
[2025-05-26 13:03:49Z INFO GitHubActionsService] Finished operation Location.GetConnectionData
[2025-05-26 13:03:50Z INFO GitHubActionsService] Finished operation Location.GetConnectionData
[2025-05-26 13:03:50Z INFO GitHubActionsService] Finished operation Location.GetConnectionData
[2025-05-26 13:03:50Z INFO RSAEncryptedFileKeyManager] Loading RSA key parameters from file C:\Users\Marco\Desktop\testes\actions-runner\.credentials_rsaparams
[2025-05-26 13:03:50Z INFO RSAEncryptedFileKeyManager] Loading RSA key parameters from file C:\Users\Marco\Desktop\testes\actions-runner\.credentials_rsaparams
[2025-05-26 13:03:50Z INFO GitHubActionsService] AAD Correlation ID for this token request: Unknown
[2025-05-26 13:03:50Z INFO CommandSettings] Arg 'work': ''
[2025-05-26 13:03:50Z INFO CommandSettings] Flag 'unattended': 'False'
[2025-05-26 13:03:50Z INFO PromptManager] ReadValue
[2025-05-26 13:03:50Z INFO Terminal] WRITE: Enter name of work folder: 
[2025-05-26 13:03:50Z INFO Terminal] WRITE: [press Enter for _work] 
[2025-05-26 13:03:50Z INFO Terminal] READ LINE
[2025-05-26 13:03:56Z INFO Terminal] Read value: ''
[2025-05-26 13:03:56Z INFO PromptManager] Falling back to the default: '_work'
[2025-05-26 13:03:56Z INFO ConfigurationStore] Saving runner settings.
[2025-05-26 13:03:56Z INFO ConfigurationStore] Settings Saved.
[2025-05-26 13:03:56Z INFO Terminal] WRITE LINE: 
[2025-05-26 13:03:56Z INFO Terminal] WRITE LINE: 
[2025-05-26 13:03:56Z INFO CommandSettings] Flag 'runasservice': 'False'
[2025-05-26 13:03:56Z INFO CommandSettings] Flag 'unattended': 'False'
[2025-05-26 13:03:56Z INFO PromptManager] ReadValue
[2025-05-26 13:03:56Z INFO Terminal] WRITE: Would you like to run the runner as service? (Y/N) 
[2025-05-26 13:03:56Z INFO Terminal] WRITE: [press Enter for N] 
[2025-05-26 13:03:56Z INFO Terminal] READ LINE
[2025-05-26 13:04:06Z INFO Terminal] Read value: 'y'
[2025-05-26 13:04:06Z INFO ConfigurationManager] Configuring to run the agent as service
[2025-05-26 13:04:06Z ERR  WindowsServiceControlManager] Needs Administrator privileges for configure runner as windows service.
[2025-05-26 13:04:06Z ERR  Runner] System.Security.SecurityException: Needs Administrator privileges for configuring runner as windows service.
   at GitHub.Runner.Listener.Configuration.WindowsServiceControlManager.ConfigureService(RunnerSettings settings, CommandSettings command)
   at GitHub.Runner.Listener.Configuration.ConfigurationManager.ConfigureAsync(CommandSettings command)
   at GitHub.Runner.Listener.Runner.ExecuteCommand(CommandSettings command)
[2025-05-26 13:04:06Z ERR  Terminal] WRITE ERROR: Needs Administrator privileges for configuring runner as windows service.
[2025-05-26 13:04:06Z INFO Listener] Runner execution has finished with return code 1
