[2025-05-26 12:58:20Z INFO HostContext] No proxy settings were found based on environmental variables (http_proxy/https_proxy/HTTP_PROXY/HTTPS_PROXY)
[2025-05-26 12:58:20Z INFO HostContext] Well known directory 'Bin': 'C:\Users\Marco\Desktop\testes\actions-runner\bin'
[2025-05-26 12:58:20Z INFO HostContext] Well known directory 'Root': 'C:\Users\Marco\Desktop\testes\actions-runner'
[2025-05-26 12:58:20Z INFO HostContext] Well known config file 'Credentials': 'C:\Users\Marco\Desktop\testes\actions-runner\.credentials'
[2025-05-26 12:58:20Z INFO HostContext] Well known directory 'Bin': 'C:\Users\Marco\Desktop\testes\actions-runner\bin'
[2025-05-26 12:58:20Z INFO HostContext] Well known directory 'Root': 'C:\Users\Marco\Desktop\testes\actions-runner'
[2025-05-26 12:58:20Z INFO HostContext] Well known config file 'Runner': 'C:\Users\Marco\Desktop\testes\actions-runner\.runner'
[2025-05-26 12:58:20Z INFO Listener] Runner is built for Windows (X64) - win-x64.
[2025-05-26 12:58:20Z INFO Listener] RuntimeInformation: Microsoft Windows 10.0.19045.
[2025-05-26 12:58:20Z INFO Listener] Version: 2.324.0
[2025-05-26 12:58:20Z INFO Listener] Commit: da3412efd49b1cf1a0fbdcbcee4e4ac4cc2177c8
[2025-05-26 12:58:20Z INFO Listener] Culture: pt-BR
[2025-05-26 12:58:20Z INFO Listener] UI Culture: pt-BR
[2025-05-26 12:58:20Z INFO HostContext] Well known directory 'Bin': 'C:\Users\Marco\Desktop\testes\actions-runner\bin'
[2025-05-26 12:58:20Z INFO HostContext] Well known directory 'Root': 'C:\Users\Marco\Desktop\testes\actions-runner'
[2025-05-26 12:58:20Z INFO Listener] Validating directory permissions for: 'C:\Users\Marco\Desktop\testes\actions-runner'
[2025-05-26 12:58:20Z INFO CommandLineParser] Parse
[2025-05-26 12:58:20Z INFO CommandLineParser] Parsing 1 args
[2025-05-26 12:58:20Z INFO CommandLineParser] parsing argument
[2025-05-26 12:58:20Z INFO CommandLineParser] HasArgs: False
[2025-05-26 12:58:20Z INFO CommandLineParser] Adding Command: configure
[2025-05-26 12:58:20Z INFO Listener] Arguments parsed
[2025-05-26 12:58:20Z INFO Runner] ExecuteCommand
[2025-05-26 12:58:20Z INFO ConfigurationStore] currentAssemblyLocation: C:\Users\Marco\Desktop\testes\actions-runner\bin\Runner.Listener.dll
[2025-05-26 12:58:20Z INFO HostContext] Well known directory 'Bin': 'C:\Users\Marco\Desktop\testes\actions-runner\bin'
[2025-05-26 12:58:20Z INFO ConfigurationStore] binPath: C:\Users\Marco\Desktop\testes\actions-runner\bin
[2025-05-26 12:58:20Z INFO HostContext] Well known directory 'Bin': 'C:\Users\Marco\Desktop\testes\actions-runner\bin'
[2025-05-26 12:58:20Z INFO HostContext] Well known directory 'Root': 'C:\Users\Marco\Desktop\testes\actions-runner'
[2025-05-26 12:58:20Z INFO ConfigurationStore] RootFolder: C:\Users\Marco\Desktop\testes\actions-runner
[2025-05-26 12:58:20Z INFO HostContext] Well known directory 'Bin': 'C:\Users\Marco\Desktop\testes\actions-runner\bin'
[2025-05-26 12:58:20Z INFO HostContext] Well known directory 'Root': 'C:\Users\Marco\Desktop\testes\actions-runner'
[2025-05-26 12:58:20Z INFO HostContext] Well known config file 'Runner': 'C:\Users\Marco\Desktop\testes\actions-runner\.runner'
[2025-05-26 12:58:20Z INFO ConfigurationStore] ConfigFilePath: C:\Users\Marco\Desktop\testes\actions-runner\.runner
[2025-05-26 12:58:20Z INFO HostContext] Well known directory 'Bin': 'C:\Users\Marco\Desktop\testes\actions-runner\bin'
[2025-05-26 12:58:20Z INFO HostContext] Well known directory 'Root': 'C:\Users\Marco\Desktop\testes\actions-runner'
[2025-05-26 12:58:20Z INFO HostContext] Well known config file 'MigratedRunner': 'C:\Users\Marco\Desktop\testes\actions-runner\.runner_migrated'
[2025-05-26 12:58:20Z INFO ConfigurationStore] MigratedConfigFilePath: C:\Users\Marco\Desktop\testes\actions-runner\.runner_migrated
[2025-05-26 12:58:20Z INFO HostContext] Well known directory 'Bin': 'C:\Users\Marco\Desktop\testes\actions-runner\bin'
[2025-05-26 12:58:20Z INFO HostContext] Well known directory 'Root': 'C:\Users\Marco\Desktop\testes\actions-runner'
[2025-05-26 12:58:20Z INFO HostContext] Well known config file 'Credentials': 'C:\Users\Marco\Desktop\testes\actions-runner\.credentials'
[2025-05-26 12:58:20Z INFO ConfigurationStore] CredFilePath: C:\Users\Marco\Desktop\testes\actions-runner\.credentials
[2025-05-26 12:58:20Z INFO HostContext] Well known directory 'Bin': 'C:\Users\Marco\Desktop\testes\actions-runner\bin'
[2025-05-26 12:58:20Z INFO HostContext] Well known directory 'Root': 'C:\Users\Marco\Desktop\testes\actions-runner'
[2025-05-26 12:58:20Z INFO HostContext] Well known config file 'MigratedCredentials': 'C:\Users\Marco\Desktop\testes\actions-runner\.credentials_migrated'
[2025-05-26 12:58:20Z INFO ConfigurationStore] MigratedCredFilePath: C:\Users\Marco\Desktop\testes\actions-runner\.credentials_migrated
[2025-05-26 12:58:20Z INFO HostContext] Well known directory 'Bin': 'C:\Users\Marco\Desktop\testes\actions-runner\bin'
[2025-05-26 12:58:20Z INFO HostContext] Well known directory 'Root': 'C:\Users\Marco\Desktop\testes\actions-runner'
[2025-05-26 12:58:20Z INFO HostContext] Well known config file 'Service': 'C:\Users\Marco\Desktop\testes\actions-runner\.service'
[2025-05-26 12:58:20Z INFO ConfigurationStore] ServiceConfigFilePath: C:\Users\Marco\Desktop\testes\actions-runner\.service
[2025-05-26 12:58:20Z INFO CommandSettings] Flag 'help': 'False'
[2025-05-26 12:58:20Z INFO CommandSettings] Flag 'version': 'False'
[2025-05-26 12:58:20Z INFO CommandSettings] Flag 'commit': 'False'
[2025-05-26 12:58:20Z INFO CommandSettings] Flag 'check': 'False'
[2025-05-26 12:58:20Z INFO CommandSettings] Command 'configure': 'True'
[2025-05-26 12:58:20Z INFO Terminal] WRITE LINE: 
[2025-05-26 12:58:20Z INFO Terminal] WRITE LINE: --------------------------------------------------------------------------------
[2025-05-26 12:58:20Z INFO Terminal] WRITE LINE: |        ____ _ _   _   _       _          _        _   _                      |
[2025-05-26 12:58:20Z INFO Terminal] WRITE LINE: |       / ___(_) |_| | | |_   _| |__      / \   ___| |_(_) ___  _ __  ___      |
[2025-05-26 12:58:20Z INFO Terminal] WRITE LINE: |      | |  _| | __| |_| | | | | '_ \    / _ \ / __| __| |/ _ \| '_ \/ __|     |
[2025-05-26 12:58:20Z INFO Terminal] WRITE LINE: |      | |_| | | |_|  _  | |_| | |_) |  / ___ \ (__| |_| | (_) | | | \__ \     |
[2025-05-26 12:58:20Z INFO Terminal] WRITE LINE: |       \____|_|\__|_| |_|\__,_|_.__/  /_/   \_\___|\__|_|\___/|_| |_|___/     |
[2025-05-26 12:58:20Z INFO Terminal] WRITE LINE: |                                                                              |
[2025-05-26 12:58:20Z INFO Terminal] WRITE: |                       
[2025-05-26 12:58:20Z INFO Terminal] WRITE: Self-hosted runner registration
[2025-05-26 12:58:20Z INFO Terminal] WRITE LINE:                         |
[2025-05-26 12:58:20Z INFO Terminal] WRITE LINE: |                                                                              |
[2025-05-26 12:58:20Z INFO Terminal] WRITE LINE: --------------------------------------------------------------------------------
[2025-05-26 12:58:20Z INFO ConfigurationManager] ConfigureAsync
[2025-05-26 12:58:20Z INFO CommandSettings] Flag 'generateServiceConfig': 'False'
[2025-05-26 12:58:20Z INFO ConfigurationStore] IsConfigured()
[2025-05-26 12:58:20Z INFO ConfigurationStore] IsConfigured: False
[2025-05-26 12:58:20Z INFO ConfigurationManager] Is configured: False
[2025-05-26 12:58:20Z INFO CommandSettings] Arg 'url': ''
[2025-05-26 12:58:20Z INFO CommandSettings] Flag 'unattended': 'False'
[2025-05-26 12:58:20Z INFO PromptManager] ReadValue
[2025-05-26 12:58:20Z INFO Terminal] WRITE: What is the URL of your repository? 
[2025-05-26 12:58:20Z INFO Terminal] READ LINE
[2025-05-26 12:58:22Z INFO Terminal] Read value: ''
[2025-05-26 12:58:22Z INFO PromptManager] Invalid value.
[2025-05-26 12:58:22Z INFO Terminal] WRITE LINE: Entered value is invalid
[2025-05-26 12:58:22Z INFO Terminal] WRITE: What is the URL of your repository? 
[2025-05-26 12:58:22Z INFO Terminal] READ LINE
[2025-05-26 12:58:27Z INFO Terminal] Read value: ' https://github.com/marcoduartestorm/testesCI'
[2025-05-26 12:58:27Z INFO CommandSettings] Arg 'token': ''
[2025-05-26 12:58:27Z INFO CommandSettings] Flag 'unattended': 'False'
[2025-05-26 12:58:27Z INFO PromptManager] ReadValue
[2025-05-26 12:58:27Z INFO Terminal] WRITE: What is your runner register token? 
[2025-05-26 12:58:27Z INFO Terminal] READ SECRET
[2025-05-26 12:58:54Z INFO Terminal] Read value: '***'
[2025-05-26 12:58:54Z ERR  Terminal] WRITE ERROR: Http response code: NotFound from 'POST https://api.github.com/actions/runner-registration' (Request Id: 4133:173B28:289E89:3509EF:6834658F)
[2025-05-26 12:58:54Z ERR  Terminal] WRITE ERROR: {"message":"Not Found","documentation_url":"https://docs.github.com/rest","status":"404"}
[2025-05-26 12:58:54Z ERR  Runner] System.Net.Http.HttpRequestException: Response status code does not indicate success: 404 (Not Found).
   at System.Net.Http.HttpResponseMessage.EnsureSuccessStatusCode()
   at GitHub.Runner.Listener.Configuration.ConfigurationManager.GetTenantCredential(String githubUrl, String githubToken, String runnerEvent)
   at GitHub.Runner.Listener.Configuration.ConfigurationManager.ConfigureAsync(CommandSettings command)
   at GitHub.Runner.Listener.Runner.ExecuteCommand(CommandSettings command)
[2025-05-26 12:58:54Z ERR  Terminal] WRITE ERROR: Response status code does not indicate success: 404 (Not Found).
[2025-05-26 12:58:54Z INFO Listener] Runner execution has finished with return code 1
